INFO:     Will watch for changes in these directories: ['/Users/petercheng/Desktop/code/bi-1/backend']
INFO:     Uvicorn running on http://0.0.0.0:8000 (Press CTRL+C to quit)
INFO:     Started reloader process [73268] using StatReload
INFO:     Started server process [73298]
INFO:     Waiting for application startup.
INFO:     Application startup complete.
Backend initialized. Schema file: /Users/petercheng/Desktop/code/bi-1/backend/bi_schema.json
Reports file: /Users/petercheng/Desktop/code/bi-1/backend/bi_reports.json
INFO:     127.0.0.1:49956 - "GET /api/reports HTTP/1.1" 200 OK
INFO:     127.0.0.1:49957 - "GET /api/schema HTTP/1.1" 200 OK
INFO:     127.0.0.1:49957 - "GET /api/schema HTTP/1.1" 200 OK
INFO:     127.0.0.1:49957 - "GET /api/reports HTTP/1.1" 200 OK
INFO:     127.0.0.1:49957 - "GET /api/reports HTTP/1.1" 200 OK
INFO:     127.0.0.1:49956 - "GET /api/schema HTTP/1.1" 200 OK
INFO:     127.0.0.1:49957 - "OPTIONS /api/query HTTP/1.1" 200 OK
INFO:     127.0.0.1:49974 - "OPTIONS /api/query HTTP/1.1" 200 OK
Executing SQL: 
        SELECT 
            DATE_FORMAT(pay_time, '%Y-%m') as x_result, 
            SUM(cny_amount) as y_result 
        FROM `Fact_Order`
        
     GROUP BY x_result ORDER BY x_result | Params: []
Executing SQL: 
        SELECT 
            DATE_FORMAT(pay_time, '%Y-%m') as x_result, 
            SUM(cny_amount) as y_result 
        FROM `Fact_Order`
        
     GROUP BY x_result ORDER BY x_result | Params: []
INFO:     127.0.0.1:49956 - "GET /api/schema HTTP/1.1" 200 OK
INFO:     127.0.0.1:49957 - "GET /api/filter-values/Fact_Order/app_key HTTP/1.1" 200 OK
INFO:     127.0.0.1:49975 - "POST /api/query HTTP/1.1" 200 OK
INFO:     127.0.0.1:49977 - "POST /api/query HTTP/1.1" 200 OK
INFO:     127.0.0.1:49977 - "GET /api/filter-values/Fact_Order/region_key HTTP/1.1" 200 OK
INFO:     127.0.0.1:49975 - "GET /api/filter-values/Fact_Order/app_key HTTP/1.1" 200 OK
INFO:     127.0.0.1:49975 - "GET /api/filter-values/Fact_Order/region_key HTTP/1.1" 200 OK
Executing SQL: 
        SELECT 
            DATE_FORMAT(pay_time, '%Y-%m') as x_result, 
            SUM(cny_amount) as y_result 
        FROM `Fact_Order`
        
     WHERE app_key = %s GROUP BY x_result ORDER BY x_result | Params: ['3dab98eee85b7ae8']
INFO:     127.0.0.1:50002 - "POST /api/query HTTP/1.1" 200 OK
Executing SQL: 
        SELECT 
            DATE_FORMAT(pay_time, '%Y-%m') as x_result, 
            SUM(cny_amount) as y_result 
        FROM `Fact_Order`
        
     WHERE app_key = %s GROUP BY x_result ORDER BY x_result | Params: ['4adcd2139621b1ef']
INFO:     127.0.0.1:50076 - "POST /api/query HTTP/1.1" 200 OK
Executing SQL: 
        SELECT 
            DATE_FORMAT(pay_time, '%Y-%m') as x_result, 
            SUM(cny_amount) as y_result 
        FROM `Fact_Order`
        
     GROUP BY x_result ORDER BY x_result | Params: []
INFO:     127.0.0.1:50087 - "POST /api/query HTTP/1.1" 200 OK
Executing SQL: 
        SELECT 
            DATE_FORMAT(pay_time, '%Y-%m') as x_result, 
            SUM(cny_amount) as y_result 
        FROM `Fact_Order`
        
     WHERE app_key = %s GROUP BY x_result ORDER BY x_result | Params: ['3dab98eee85b7ae8']
INFO:     127.0.0.1:50097 - "POST /api/query HTTP/1.1" 200 OK
INFO:     127.0.0.1:50156 - "GET /api/reports HTTP/1.1" 200 OK
INFO:     127.0.0.1:50181 - "GET /api/reports HTTP/1.1" 200 OK
INFO:     127.0.0.1:50182 - "GET /api/schema HTTP/1.1" 200 OK
INFO:     127.0.0.1:50182 - "GET /api/schema HTTP/1.1" 200 OK
INFO:     127.0.0.1:50192 - "GET /api/reports HTTP/1.1" 200 OK
INFO:     127.0.0.1:50192 - "GET /api/reports HTTP/1.1" 200 OK
INFO:     127.0.0.1:50193 - "GET /api/schema HTTP/1.1" 200 OK
Executing SQL: 
        SELECT 
            DATE_FORMAT(pay_time, '%Y-%m') as x_result, 
            SUM(cny_amount) as y_result 
        FROM `Fact_Order`
        
     GROUP BY x_result ORDER BY x_result | Params: []
Executing SQL: 
        SELECT 
            DATE_FORMAT(pay_time, '%Y-%m') as x_result, 
            SUM(cny_amount) as y_result 
        FROM `Fact_Order`
        
     GROUP BY x_result ORDER BY x_result | Params: []
INFO:     127.0.0.1:50193 - "GET /api/schema HTTP/1.1" 200 OK
INFO:     127.0.0.1:50201 - "GET /api/filter-values/Fact_Order/app_key HTTP/1.1" 200 OK
INFO:     127.0.0.1:50203 - "POST /api/query HTTP/1.1" 200 OK
INFO:     127.0.0.1:50192 - "POST /api/query HTTP/1.1" 200 OK
INFO:     127.0.0.1:50193 - "GET /api/filter-values/Fact_Order/region_key HTTP/1.1" 200 OK
INFO:     127.0.0.1:50201 - "GET /api/filter-values/Fact_Order/app_key HTTP/1.1" 200 OK
INFO:     127.0.0.1:50201 - "GET /api/filter-values/Fact_Order/region_key HTTP/1.1" 200 OK
Executing SQL: 
        SELECT 
            DATE_FORMAT(pay_time, '%Y-%m') as x_result, 
            SUM(cny_amount) as y_result 
        FROM `Fact_Order`
        
     WHERE app_key = %s GROUP BY x_result ORDER BY x_result | Params: ['3dab98eee85b7ae8']
INFO:     127.0.0.1:50237 - "POST /api/query HTTP/1.1" 200 OK
Executing SQL: 
        SELECT 
            DATE_FORMAT(pay_time, '%Y-%m') as x_result, 
            SUM(cny_amount) as y_result 
        FROM `Fact_Order`
        
     WHERE app_key = %s AND region_key = %s GROUP BY x_result ORDER BY x_result | Params: ['3dab98eee85b7ae8', 'eu']
INFO:     127.0.0.1:50237 - "POST /api/query HTTP/1.1" 200 OK
Executing SQL: 
        SELECT 
            DATE_FORMAT(pay_time, '%Y-%m') as x_result, 
            SUM(cny_amount) as y_result 
        FROM `Fact_Order`
        
     WHERE app_key = %s AND region_key = %s GROUP BY x_result ORDER BY x_result | Params: ['3dab98eee85b7ae8', 'us']
INFO:     127.0.0.1:50249 - "POST /api/query HTTP/1.1" 200 OK
Executing SQL: 
        SELECT 
            DATE_FORMAT(pay_time, '%Y-%m') as x_result, 
            SUM(cny_amount) as y_result 
        FROM `Fact_Order`
        
     WHERE app_key = %s AND region_key = %s GROUP BY x_result ORDER BY x_result | Params: ['3dab98eee85b7ae8', 'eu']
INFO:     127.0.0.1:50264 - "POST /api/query HTTP/1.1" 200 OK
Executing SQL: 
        SELECT 
            DATE_FORMAT(pay_time, '%Y-%m') as x_result, 
            SUM(cny_amount) as y_result 
        FROM `Fact_Order`
        
     WHERE app_key = %s AND region_key = %s GROUP BY x_result ORDER BY x_result | Params: ['3dab98eee85b7ae8', 'us']
INFO:     127.0.0.1:50264 - "POST /api/query HTTP/1.1" 200 OK
INFO:     127.0.0.1:50645 - "OPTIONS /api/query HTTP/1.1" 200 OK
Executing SQL: 
        SELECT 
            DATE_FORMAT(pay_time, '%Y-%m') as x_result, 
            SUM(cny_amount) as y_result 
        FROM `Fact_Order`
        
     WHERE app_key = %s AND region_key = %s GROUP BY x_result ORDER BY x_result | Params: ['4adcd2139621b1ef', 'us']
INFO:     127.0.0.1:50645 - "POST /api/query HTTP/1.1" 200 OK
Executing SQL: 
        SELECT 
            DATE_FORMAT(pay_time, '%Y-%m') as x_result, 
            SUM(cny_amount) as y_result 
        FROM `Fact_Order`
        
     WHERE app_key = %s GROUP BY x_result ORDER BY x_result | Params: ['4adcd2139621b1ef']
INFO:     127.0.0.1:50645 - "POST /api/query HTTP/1.1" 200 OK
Executing SQL: 
        SELECT 
            DATE_FORMAT(pay_time, '%Y-%m') as x_result, 
            SUM(cny_amount) as y_result 
        FROM `Fact_Order`
        
     WHERE app_key = %s GROUP BY x_result ORDER BY x_result | Params: ['3dab98eee85b7ae8']
INFO:     127.0.0.1:50645 - "POST /api/query HTTP/1.1" 200 OK
WARNING:  StatReload detected changes in 'etl_users.py'. Reloading...
INFO:     Shutting down
INFO:     Waiting for application shutdown.
INFO:     Application shutdown complete.
INFO:     Finished server process [73298]
INFO:     Started server process [77486]
INFO:     Waiting for application startup.
INFO:     Application startup complete.
WARNING:  StatReload detected changes in 'etl_users.py'. Reloading...
INFO:     Shutting down
INFO:     Waiting for application shutdown.
INFO:     Application shutdown complete.
INFO:     Finished server process [77486]
INFO:     Started server process [77910]
INFO:     Waiting for application startup.
INFO:     Application startup complete.
WARNING:  StatReload detected changes in 'etl_users.py'. Reloading...
INFO:     Shutting down
INFO:     Waiting for application shutdown.
INFO:     Application shutdown complete.
INFO:     Finished server process [77910]
INFO:     Started server process [78006]
INFO:     Waiting for application startup.
INFO:     Application startup complete.
WARNING:  StatReload detected changes in 'etl_users.py'. Reloading...
INFO:     Shutting down
INFO:     Waiting for application shutdown.
INFO:     Application shutdown complete.
INFO:     Finished server process [78006]
INFO:     Started server process [78023]
INFO:     Waiting for application startup.
INFO:     Application startup complete.
WARNING:  StatReload detected changes in 'etl_users.py'. Reloading...
INFO:     Shutting down
INFO:     Waiting for application shutdown.
INFO:     Application shutdown complete.
INFO:     Finished server process [78023]
INFO:     Started server process [78051]
INFO:     Waiting for application startup.
INFO:     Application startup complete.
WARNING:  StatReload detected changes in 'etl_users.py'. Reloading...
INFO:     Shutting down
INFO:     Waiting for application shutdown.
INFO:     Application shutdown complete.
INFO:     Finished server process [78051]
INFO:     Started server process [78625]
INFO:     Waiting for application startup.
INFO:     Application startup complete.
Backend initialized. Schema file: /Users/petercheng/Desktop/code/bi-1/backend/bi_schema.json
Reports file: /Users/petercheng/Desktop/code/bi-1/backend/bi_reports.json
INFO:     127.0.0.1:49857 - "OPTIONS /api/query HTTP/1.1" 200 OK
Executing SQL: 
        SELECT 
            DATE_FORMAT(pay_time, '%Y-%m') as x_result, 
            SUM(cny_amount) as y_result 
        FROM `Fact_Order`
        
     WHERE app_key = %s GROUP BY x_result ORDER BY x_result | Params: ['4adcd2139621b1ef']
INFO:     127.0.0.1:49859 - "GET /api/reports HTTP/1.1" 200 OK
INFO:     127.0.0.1:49874 - "GET /api/schema HTTP/1.1" 200 OK
INFO:     127.0.0.1:49874 - "GET /api/schema HTTP/1.1" 200 OK
INFO:     127.0.0.1:49874 - "GET /api/reports HTTP/1.1" 200 OK
INFO:     127.0.0.1:49859 - "GET /api/schema HTTP/1.1" 200 OK
INFO:     127.0.0.1:49874 - "GET /api/reports HTTP/1.1" 200 OK
Executing SQL: 
        SELECT 
            DATE_FORMAT(pay_time, '%Y-%m') as x_result, 
            SUM(cny_amount) as y_result 
        FROM `Fact_Order`
        
     GROUP BY x_result ORDER BY x_result | Params: []
Executing SQL: 
        SELECT 
            DATE_FORMAT(pay_time, '%Y-%m') as x_result, 
            SUM(cny_amount) as y_result 
        FROM `Fact_Order`
        
     GROUP BY x_result ORDER BY x_result | Params: []
INFO:     127.0.0.1:49886 - "GET /api/schema HTTP/1.1" 200 OK
INFO:     127.0.0.1:49874 - "GET /api/filter-values/Fact_Order/app_key HTTP/1.1" 200 OK
INFO:     127.0.0.1:49859 - "POST /api/query HTTP/1.1" 200 OK
INFO:     127.0.0.1:49893 - "POST /api/query HTTP/1.1" 200 OK
INFO:     127.0.0.1:49886 - "GET /api/filter-values/Fact_Order/region_key HTTP/1.1" 200 OK
INFO:     127.0.0.1:49874 - "GET /api/filter-values/Fact_Order/app_key HTTP/1.1" 200 OK
INFO:     127.0.0.1:49874 - "GET /api/filter-values/Fact_Order/region_key HTTP/1.1" 200 OK
Executing SQL: 
        SELECT 
            DATE_FORMAT(pay_time, '%Y-%m') as x_result, 
            SUM(cny_amount) as y_result 
        FROM `Fact_Order`
        
     WHERE app_key = %s GROUP BY x_result ORDER BY x_result | Params: ['nooie']
INFO:     127.0.0.1:49874 - "POST /api/query HTTP/1.1" 200 OK
Executing SQL: 
        SELECT 
            DATE_FORMAT(pay_time, '%Y-%m') as x_result, 
            SUM(cny_amount) as y_result 
        FROM `Fact_Order`
        
     WHERE app_key = %s GROUP BY x_result ORDER BY x_result | Params: ['osaio']
INFO:     127.0.0.1:49874 - "POST /api/query HTTP/1.1" 200 OK
Executing SQL: 
        SELECT 
            DATE_FORMAT(pay_time, '%Y-%m') as x_result, 
            SUM(cny_amount) as y_result 
        FROM `Fact_Order`
        
     WHERE app_key = %s AND region_key = %s GROUP BY x_result ORDER BY x_result | Params: ['osaio', 'eu']
INFO:     127.0.0.1:49874 - "POST /api/query HTTP/1.1" 200 OK
Executing SQL: 
        SELECT 
            DATE_FORMAT(pay_time, '%Y-%m') as x_result, 
            SUM(cny_amount) as y_result 
        FROM `Fact_Order`
        
     WHERE app_key = %s AND region_key = %s GROUP BY x_result ORDER BY x_result | Params: ['osaio', 'us']
INFO:     127.0.0.1:49874 - "POST /api/query HTTP/1.1" 200 OK
WARNING:  StatReload detected changes in 'check_missing_uids.py'. Reloading...
INFO:     Shutting down
INFO:     Waiting for application shutdown.
INFO:     Application shutdown complete.
INFO:     Finished server process [78625]
INFO:     Started server process [88519]
INFO:     Waiting for application startup.
INFO:     Application startup complete.
WARNING:  StatReload detected changes in 'check_missing_uids.py'. Reloading...
INFO:     Shutting down
INFO:     Waiting for application shutdown.
INFO:     Application shutdown complete.
INFO:     Finished server process [88519]
INFO:     Started server process [88615]
INFO:     Waiting for application startup.
INFO:     Application startup complete.
Backend initialized. Schema file: /Users/petercheng/Desktop/code/bi-1/backend/bi_schema.json
Reports file: /Users/petercheng/Desktop/code/bi-1/backend/bi_reports.json
INFO:     127.0.0.1:50109 - "GET /api/reports HTTP/1.1" 200 OK
INFO:     127.0.0.1:50109 - "GET /api/reports HTTP/1.1" 200 OK
INFO:     127.0.0.1:50110 - "GET /api/schema HTTP/1.1" 200 OK
INFO:     127.0.0.1:50110 - "GET /api/schema HTTP/1.1" 200 OK
INFO:     127.0.0.1:50121 - "GET /api/reports HTTP/1.1" 200 OK
INFO:     127.0.0.1:50130 - "OPTIONS /api/query HTTP/1.1" 200 OK
INFO:     127.0.0.1:50121 - "GET /api/reports HTTP/1.1" 200 OK
INFO:     127.0.0.1:50134 - "OPTIONS /api/query HTTP/1.1" 200 OK
INFO:     127.0.0.1:50122 - "GET /api/schema HTTP/1.1" 200 OK
Executing SQL: 
        SELECT 
            DATE_FORMAT(pay_time, '%Y-%m') as x_result, 
            SUM(cny_amount) as y_result 
        FROM `Fact_Order`
        
     GROUP BY x_result ORDER BY x_result | Params: []
Executing SQL: 
        SELECT 
            DATE_FORMAT(pay_time, '%Y-%m') as x_result, 
            SUM(cny_amount) as y_result 
        FROM `Fact_Order`
        
     GROUP BY x_result ORDER BY x_result | Params: []
INFO:     127.0.0.1:50122 - "GET /api/schema HTTP/1.1" 200 OK
INFO:     127.0.0.1:50132 - "GET /api/filter-values/Fact_Order/app_key HTTP/1.1" 200 OK
INFO:     127.0.0.1:50130 - "POST /api/query HTTP/1.1" 200 OK
INFO:     127.0.0.1:50121 - "POST /api/query HTTP/1.1" 200 OK
INFO:     127.0.0.1:50122 - "GET /api/filter-values/Fact_Order/region_key HTTP/1.1" 200 OK
INFO:     127.0.0.1:50132 - "GET /api/filter-values/Fact_Order/app_key HTTP/1.1" 200 OK
INFO:     127.0.0.1:50132 - "GET /api/filter-values/Fact_Order/region_key HTTP/1.1" 200 OK
INFO:     127.0.0.1:50188 - "GET /api/reports HTTP/1.1" 200 OK
INFO:     127.0.0.1:50188 - "GET /api/reports HTTP/1.1" 200 OK
INFO:     127.0.0.1:50189 - "GET /api/schema HTTP/1.1" 200 OK
INFO:     127.0.0.1:50188 - "GET /api/schema HTTP/1.1" 200 OK
INFO:     127.0.0.1:50195 - "GET /api/reports HTTP/1.1" 200 OK
INFO:     127.0.0.1:50195 - "GET /api/reports HTTP/1.1" 200 OK
INFO:     127.0.0.1:50208 - "GET /api/schema HTTP/1.1" 200 OK
Executing SQL: 
        SELECT 
            DATE_FORMAT(join_date, '%Y-%m') as x_result, 
            COUNT(uid) as y_result 
        FROM `Dim_User`
        
     GROUP BY x_result ORDER BY x_result | Params: []
Executing SQL: 
        SELECT 
            DATE_FORMAT(pay_time, '%Y-%m') as x_result, 
            SUM(cny_amount) as y_result 
        FROM `Fact_Order`
        
     GROUP BY x_result ORDER BY x_result | Params: []
Executing SQL: 
        SELECT 
            DATE_FORMAT(join_date, '%Y-%m') as x_result, 
            COUNT(uid) as y_result 
        FROM `Dim_User`
        
     GROUP BY x_result ORDER BY x_result | Params: []
Executing SQL: 
        SELECT 
            DATE_FORMAT(pay_time, '%Y-%m') as x_result, 
            SUM(cny_amount) as y_result 
        FROM `Fact_Order`
        
     GROUP BY x_result ORDER BY x_result | Params: []
INFO:     127.0.0.1:50208 - "GET /api/schema HTTP/1.1" 200 OK
INFO:     127.0.0.1:50195 - "POST /api/query HTTP/1.1" 200 OK
INFO:     127.0.0.1:50218 - "POST /api/query HTTP/1.1" 200 OK
INFO:     127.0.0.1:50220 - "GET /api/filter-values/Dim_User/app_key HTTP/1.1" 200 OK
INFO:     127.0.0.1:50220 - "GET /api/filter-values/Dim_User/app_key HTTP/1.1" 200 OK
INFO:     127.0.0.1:50218 - "GET /api/filter-values/Dim_User/region_key HTTP/1.1" 200 OK
INFO:     127.0.0.1:50220 - "GET /api/filter-values/Dim_User/region_key HTTP/1.1" 200 OK
INFO:     127.0.0.1:50216 - "POST /api/query HTTP/1.1" 200 OK
INFO:     127.0.0.1:50222 - "POST /api/query HTTP/1.1" 200 OK
Executing SQL: 
        SELECT 
            DATE_FORMAT(join_date, '%Y-%m') as x_result, 
            COUNT(uid) as y_result 
        FROM `Dim_User`
        
     WHERE app_key = %s GROUP BY x_result ORDER BY x_result | Params: ['osaio_eu']
Executing SQL: 
        SELECT 
            DATE_FORMAT(pay_time, '%Y-%m') as x_result, 
            SUM(cny_amount) as y_result 
        FROM `Fact_Order`
        
     WHERE app_key = %s GROUP BY x_result ORDER BY x_result | Params: ['osaio_eu']
INFO:     127.0.0.1:50261 - "POST /api/query HTTP/1.1" 200 OK
INFO:     127.0.0.1:50259 - "POST /api/query HTTP/1.1" 200 OK
Executing SQL: 
        SELECT 
            DATE_FORMAT(pay_time, '%Y-%m') as x_result, 
            SUM(cny_amount) as y_result 
        FROM `Fact_Order`
        
     WHERE app_key = %s AND region_key = %s GROUP BY x_result ORDER BY x_result | Params: ['osaio_eu', 'eu']
Executing SQL: 
        SELECT 
            DATE_FORMAT(join_date, '%Y-%m') as x_result, 
            COUNT(uid) as y_result 
        FROM `Dim_User`
        
     WHERE app_key = %s AND region_key = %s GROUP BY x_result ORDER BY x_result | Params: ['osaio_eu', 'eu']
INFO:     127.0.0.1:50261 - "POST /api/query HTTP/1.1" 200 OK
INFO:     127.0.0.1:50259 - "POST /api/query HTTP/1.1" 200 OK
INFO:     127.0.0.1:50367 - "GET /api/reports HTTP/1.1" 200 OK
INFO:     127.0.0.1:50369 - "GET /api/schema HTTP/1.1" 200 OK
INFO:     127.0.0.1:50369 - "GET /api/schema HTTP/1.1" 200 OK
INFO:     127.0.0.1:50369 - "GET /api/reports HTTP/1.1" 200 OK
INFO:     127.0.0.1:50369 - "GET /api/reports HTTP/1.1" 200 OK
INFO:     127.0.0.1:50367 - "GET /api/schema HTTP/1.1" 200 OK
Executing SQL: 
        SELECT 
            DATE_FORMAT(join_date, '%Y-%m') as x_result, 
            COUNT(uid) as y_result 
        FROM `Dim_User`
        
     GROUP BY x_result ORDER BY x_result | Params: []
Executing SQL: 
        SELECT 
            DATE_FORMAT(pay_time, '%Y-%m') as x_result, 
            SUM(cny_amount) as y_result 
        FROM `Fact_Order`
        
     GROUP BY x_result ORDER BY x_result | Params: []
Executing SQL: 
        SELECT 
            DATE_FORMAT(pay_time, '%Y-%m') as x_result, 
            SUM(cny_amount) as y_result 
        FROM `Fact_Order`
        
     GROUP BY x_result ORDER BY x_result | Params: []
Executing SQL: 
        SELECT 
            DATE_FORMAT(join_date, '%Y-%m') as x_result, 
            COUNT(uid) as y_result 
        FROM `Dim_User`
        
     GROUP BY x_result ORDER BY x_result | Params: []
INFO:     127.0.0.1:50367 - "GET /api/schema HTTP/1.1" 200 OK
INFO:     127.0.0.1:50369 - "POST /api/query HTTP/1.1" 200 OK
INFO:     127.0.0.1:50386 - "POST /api/query HTTP/1.1" 200 OK
INFO:     127.0.0.1:50389 - "GET /api/filter-values/Dim_User/app_key HTTP/1.1" 200 OK
INFO:     127.0.0.1:50386 - "GET /api/filter-values/Dim_User/region_key HTTP/1.1" 200 OK
INFO:     127.0.0.1:50389 - "GET /api/filter-values/Dim_User/app_key HTTP/1.1" 200 OK
INFO:     127.0.0.1:50389 - "GET /api/filter-values/Dim_User/region_key HTTP/1.1" 200 OK
INFO:     127.0.0.1:50390 - "POST /api/query HTTP/1.1" 200 OK
INFO:     127.0.0.1:50382 - "POST /api/query HTTP/1.1" 200 OK
Executing SQL: 
        SELECT 
            DATE_FORMAT(pay_time, '%Y-%m') as x_result, 
            SUM(cny_amount) as y_result 
        FROM `Fact_Order`
        
     WHERE app_key = %s GROUP BY x_result ORDER BY x_result | Params: ['nooie']
Executing SQL: 
        SELECT 
            DATE_FORMAT(join_date, '%Y-%m') as x_result, 
            COUNT(uid) as y_result 
        FROM `Dim_User`
        
     WHERE app_key = %s GROUP BY x_result ORDER BY x_result | Params: ['nooie']
INFO:     127.0.0.1:50390 - "POST /api/query HTTP/1.1" 200 OK
INFO:     127.0.0.1:50382 - "POST /api/query HTTP/1.1" 200 OK
Executing SQL: 
        SELECT 
            DATE_FORMAT(join_date, '%Y-%m') as x_result, 
            COUNT(uid) as y_result 
        FROM `Dim_User`
        
     WHERE app_key = %s GROUP BY x_result ORDER BY x_result | Params: ['osaio']
Executing SQL: 
        SELECT 
            DATE_FORMAT(pay_time, '%Y-%m') as x_result, 
            SUM(cny_amount) as y_result 
        FROM `Fact_Order`
        
     WHERE app_key = %s GROUP BY x_result ORDER BY x_result | Params: ['osaio']
INFO:     127.0.0.1:50390 - "POST /api/query HTTP/1.1" 200 OK
INFO:     127.0.0.1:50382 - "POST /api/query HTTP/1.1" 200 OK
Executing SQL: 
        SELECT 
            DATE_FORMAT(join_date, '%Y-%m') as x_result, 
            COUNT(uid) as y_result 
        FROM `Dim_User`
        
     WHERE app_key = %s AND region_key = %s GROUP BY x_result ORDER BY x_result | Params: ['osaio', 'eu']
Executing SQL: 
        SELECT 
            DATE_FORMAT(pay_time, '%Y-%m') as x_result, 
            SUM(cny_amount) as y_result 
        FROM `Fact_Order`
        
     WHERE app_key = %s AND region_key = %s GROUP BY x_result ORDER BY x_result | Params: ['osaio', 'eu']
INFO:     127.0.0.1:50390 - "POST /api/query HTTP/1.1" 200 OK
INFO:     127.0.0.1:50382 - "POST /api/query HTTP/1.1" 200 OK
WARNING:  StatReload detected changes in 'etl_debug_orders.py'. Reloading...
INFO:     Shutting down
INFO:     Waiting for application shutdown.
INFO:     Application shutdown complete.
INFO:     Finished server process [88615]
INFO:     Started server process [89932]
INFO:     Waiting for application startup.
INFO:     Application startup complete.
WARNING:  StatReload detected changes in 'etl_subscriptions.py'. Reloading...
INFO:     Shutting down
INFO:     Waiting for application shutdown.
INFO:     Application shutdown complete.
INFO:     Finished server process [89932]
INFO:     Started server process [92861]
INFO:     Waiting for application startup.
INFO:     Application startup complete.
WARNING:  StatReload detected changes in 'etl_subscriptions.py'. Reloading...
INFO:     Shutting down
INFO:     Waiting for application shutdown.
INFO:     Application shutdown complete.
INFO:     Finished server process [92861]
INFO:     Started server process [94385]
INFO:     Waiting for application startup.
INFO:     Application startup complete.
WARNING:  StatReload detected changes in 'update_subscription_paytime.py'. Reloading...
INFO:     Shutting down
INFO:     Waiting for application shutdown.
INFO:     Application shutdown complete.
INFO:     Finished server process [94385]
INFO:     Started server process [94488]
INFO:     Waiting for application startup.
INFO:     Application startup complete.
WARNING:  StatReload detected changes in 'backfill_subscription_uids.py'. Reloading...
INFO:     Shutting down
INFO:     Waiting for application shutdown.
INFO:     Application shutdown complete.
INFO:     Finished server process [94488]
INFO:     Started server process [95315]
INFO:     Waiting for application startup.
INFO:     Application startup complete.
WARNING:  StatReload detected changes in 'deduplicate_orders.py'. Reloading...
INFO:     Shutting down
INFO:     Waiting for application shutdown.
INFO:     Application shutdown complete.
INFO:     Finished server process [95315]
INFO:     Started server process [6469]
INFO:     Waiting for application startup.
INFO:     Application startup complete.
WARNING:  StatReload detected changes in 'deduplicate_orders.py'. Reloading...
INFO:     Shutting down
INFO:     Waiting for application shutdown.
INFO:     Application shutdown complete.
INFO:     Finished server process [6469]
INFO:     Started server process [6960]
INFO:     Waiting for application startup.
INFO:     Application startup complete.
WARNING:  StatReload detected changes in 'deduplicate_orders.py'. Reloading...
INFO:     Shutting down
INFO:     Waiting for application shutdown.
INFO:     Application shutdown complete.
INFO:     Finished server process [6960]
INFO:     Started server process [7120]
INFO:     Waiting for application startup.
INFO:     Application startup complete.
WARNING:  StatReload detected changes in 'deduplicate_orders.py'. Reloading...
INFO:     Shutting down
INFO:     Waiting for application shutdown.
INFO:     Application shutdown complete.
INFO:     Finished server process [7120]
INFO:     Started server process [7133]
INFO:     Waiting for application startup.
INFO:     Application startup complete.
WARNING:  StatReload detected changes in 'deduplicate_orders.py'. Reloading...
INFO:     Shutting down
INFO:     Waiting for application shutdown.
INFO:     Application shutdown complete.
INFO:     Finished server process [7133]
INFO:     Started server process [7146]
INFO:     Waiting for application startup.
INFO:     Application startup complete.
WARNING:  StatReload detected changes in 'deduplicate_orders.py'. Reloading...
INFO:     Shutting down
INFO:     Waiting for application shutdown.
INFO:     Application shutdown complete.
INFO:     Finished server process [7146]
INFO:     Started server process [7153]
INFO:     Waiting for application startup.
INFO:     Application startup complete.
WARNING:  StatReload detected changes in 'deduplicate_orders.py'. Reloading...
INFO:     Shutting down
INFO:     Waiting for application shutdown.
INFO:     Application shutdown complete.
INFO:     Finished server process [7153]
INFO:     Started server process [7254]
INFO:     Waiting for application startup.
INFO:     Application startup complete.
WARNING:  StatReload detected changes in 'deduplicate_orders.py'. Reloading...
INFO:     Shutting down
INFO:     Waiting for application shutdown.
INFO:     Application shutdown complete.
INFO:     Finished server process [7254]
INFO:     Started server process [7346]
INFO:     Waiting for application startup.
INFO:     Application startup complete.
WARNING:  StatReload detected changes in 'deduplicate_orders.py'. Reloading...
INFO:     Shutting down
INFO:     Waiting for application shutdown.
INFO:     Application shutdown complete.
INFO:     Finished server process [7346]
INFO:     Started server process [7449]
INFO:     Waiting for application startup.
INFO:     Application startup complete.
WARNING:  StatReload detected changes in 'debug_calculate_sequence.py'. Reloading...
INFO:     Shutting down
INFO:     Waiting for application shutdown.
INFO:     Application shutdown complete.
INFO:     Finished server process [7449]
INFO:     Started server process [11415]
INFO:     Waiting for application startup.
INFO:     Application startup complete.
WARNING:  StatReload detected changes in 'backfill_order_sequence.py'. Reloading...
INFO:     Shutting down
INFO:     Waiting for application shutdown.
INFO:     Application shutdown complete.
INFO:     Finished server process [11415]
INFO:     Started server process [11779]
INFO:     Waiting for application startup.
INFO:     Application startup complete.
WARNING:  StatReload detected changes in 'backfill_order_sequence.py'. Reloading...
INFO:     Shutting down
INFO:     Waiting for application shutdown.
INFO:     Application shutdown complete.
INFO:     Finished server process [11779]
INFO:     Started server process [11792]
INFO:     Waiting for application startup.
INFO:     Application startup complete.
WARNING:  StatReload detected changes in 'backfill_order_sequence.py'. Reloading...
INFO:     Shutting down
INFO:     Waiting for application shutdown.
INFO:     Application shutdown complete.
INFO:     Finished server process [11792]
INFO:     Started server process [11804]
INFO:     Waiting for application startup.
INFO:     Application startup complete.
WARNING:  StatReload detected changes in 'backfill_order_sequence.py'. Reloading...
INFO:     Shutting down
INFO:     Waiting for application shutdown.
INFO:     Application shutdown complete.
INFO:     Finished server process [11804]
INFO:     Started server process [11812]
INFO:     Waiting for application startup.
INFO:     Application startup complete.
WARNING:  StatReload detected changes in 'backfill_order_sequence.py'. Reloading...
INFO:     Shutting down
INFO:     Waiting for application shutdown.
INFO:     Application shutdown complete.
INFO:     Finished server process [11812]
INFO:     Started server process [11912]
INFO:     Waiting for application startup.
INFO:     Application startup complete.
WARNING:  StatReload detected changes in 'debug_update_user_times.py'. Reloading...
INFO:     Shutting down
INFO:     Waiting for application shutdown.
INFO:     Application shutdown complete.
INFO:     Finished server process [11912]
INFO:     Started server process [12873]
INFO:     Waiting for application startup.
INFO:     Application startup complete.
WARNING:  StatReload detected changes in 'debug_update_user_times.py'. Reloading...
INFO:     Shutting down
INFO:     Waiting for application shutdown.
INFO:     Application shutdown complete.
INFO:     Finished server process [12873]
INFO:     Started server process [12968]
INFO:     Waiting for application startup.
INFO:     Application startup complete.
WARNING:  StatReload detected changes in 'debug_update_user_times.py'. Reloading...
INFO:     Shutting down
INFO:     Waiting for application shutdown.
INFO:     Application shutdown complete.
INFO:     Finished server process [12968]
INFO:     Started server process [13061]
INFO:     Waiting for application startup.
INFO:     Application startup complete.
WARNING:  StatReload detected changes in 'main.py'. Reloading...
INFO:     Shutting down
INFO:     Waiting for application shutdown.
INFO:     Application shutdown complete.
INFO:     Finished server process [13061]
INFO:     Started server process [13342]
INFO:     Waiting for application startup.
INFO:     Application startup complete.
WARNING:  StatReload detected changes in 'main.py'. Reloading...
INFO:     Shutting down
INFO:     Waiting for application shutdown.
INFO:     Application shutdown complete.
INFO:     Finished server process [13342]
INFO:     Started server process [13348]
INFO:     Waiting for application startup.
INFO:     Application startup complete.
Backend initialized. Schema file: /Users/petercheng/Desktop/code/bi-1/backend/bi_schema.json
Reports file: /Users/petercheng/Desktop/code/bi-1/backend/bi_reports.json
INFO:     127.0.0.1:64931 - "GET /api/reports HTTP/1.1" 200 OK
INFO:     127.0.0.1:64932 - "GET /api/schema HTTP/1.1" 200 OK
INFO:     127.0.0.1:64932 - "GET /api/schema HTTP/1.1" 200 OK
INFO:     127.0.0.1:64943 - "GET /api/reports HTTP/1.1" 200 OK
INFO:     127.0.0.1:64944 - "GET /api/schema HTTP/1.1" 200 OK
INFO:     127.0.0.1:64943 - "GET /api/reports HTTP/1.1" 200 OK
INFO:     127.0.0.1:64943 - "OPTIONS /api/query HTTP/1.1" 200 OK
INFO:     127.0.0.1:64944 - "OPTIONS /api/query HTTP/1.1" 200 OK
INFO:     127.0.0.1:64959 - "OPTIONS /api/query HTTP/1.1" 200 OK
INFO:     127.0.0.1:64960 - "OPTIONS /api/query HTTP/1.1" 200 OK
Executing SQL: 
        SELECT 
            DATE_FORMAT(pay_time, '%Y-%m') as x_result, 
            SUM(cny_amount) as y_result 
        FROM `Fact_Order`
        
     GROUP BY x_result ORDER BY x_result | Params: []
Executing SQL: 
        SELECT 
            DATE_FORMAT(join_date, '%Y-%m') as x_result, 
            COUNT(uid) as y_result 
        FROM `Dim_User`
        
     GROUP BY x_result ORDER BY x_result | Params: []
Executing SQL: 
        SELECT 
            DATE_FORMAT(join_date, '%Y-%m') as x_result, 
            COUNT(uid) as y_result 
        FROM `Dim_User`
        
     GROUP BY x_result ORDER BY x_result | Params: []
INFO:     127.0.0.1:64950 - "GET /api/schema HTTP/1.1" 200 OK
Executing SQL: 
        SELECT 
            DATE_FORMAT(pay_time, '%Y-%m') as x_result, 
            SUM(cny_amount) as y_result 
        FROM `Fact_Order`
        
     GROUP BY x_result ORDER BY x_result | Params: []
INFO:     127.0.0.1:64958 - "GET /api/filter-values/Dim_User/app_key HTTP/1.1" 200 OK
INFO:     127.0.0.1:64950 - "GET /api/filter-values/Dim_User/region_key HTTP/1.1" 200 OK
INFO:     127.0.0.1:64958 - "GET /api/filter-values/Dim_User/app_key HTTP/1.1" 200 OK
INFO:     127.0.0.1:64958 - "GET /api/filter-values/Dim_User/region_key HTTP/1.1" 200 OK
INFO:     127.0.0.1:64944 - "POST /api/query HTTP/1.1" 200 OK
INFO:     127.0.0.1:64960 - "POST /api/query HTTP/1.1" 200 OK
INFO:     127.0.0.1:64943 - "POST /api/query HTTP/1.1" 200 OK
INFO:     127.0.0.1:64959 - "POST /api/query HTTP/1.1" 200 OK
INFO:     127.0.0.1:65005 - "GET /api/reports HTTP/1.1" 200 OK
INFO:     127.0.0.1:65006 - "GET /api/schema HTTP/1.1" 200 OK
INFO:     127.0.0.1:65005 - "GET /api/schema HTTP/1.1" 200 OK
INFO:     127.0.0.1:65015 - "GET /api/reports HTTP/1.1" 200 OK
INFO:     127.0.0.1:65022 - "GET /api/reports HTTP/1.1" 200 OK
INFO:     127.0.0.1:65016 - "GET /api/schema HTTP/1.1" 200 OK
Executing SQL: 
        SELECT 
            DATE_FORMAT(join_date, '%Y-%m') as x_result, 
            COUNT(uid) as y_result 
        FROM `Dim_User`
        
     GROUP BY x_result ORDER BY x_result | Params: []
Executing SQL: 
        SELECT 
            DATE_FORMAT(pay_time, '%Y-%m') as x_result, 
            SUM(cny_amount) as y_result 
        FROM `Fact_Order`
        
     GROUP BY x_result ORDER BY x_result | Params: []
Executing SQL: 
        SELECT 
            DATE_FORMAT(join_date, '%Y-%m') as x_result, 
            COUNT(uid) as y_result 
        FROM `Dim_User`
        
     GROUP BY x_result ORDER BY x_result | Params: []
Executing SQL: 
        SELECT 
            DATE_FORMAT(pay_time, '%Y-%m') as x_result, 
            SUM(cny_amount) as y_result 
        FROM `Fact_Order`
        
     GROUP BY x_result ORDER BY x_result | Params: []
INFO:     127.0.0.1:65016 - "GET /api/schema HTTP/1.1" 200 OK
INFO:     127.0.0.1:65029 - "GET /api/filter-values/Dim_User/app_key HTTP/1.1" 200 OK
INFO:     127.0.0.1:65016 - "GET /api/filter-values/Dim_User/region_key HTTP/1.1" 200 OK
INFO:     127.0.0.1:65029 - "GET /api/filter-values/Dim_User/app_key HTTP/1.1" 200 OK
INFO:     127.0.0.1:65029 - "GET /api/filter-values/Dim_User/region_key HTTP/1.1" 200 OK
INFO:     127.0.0.1:65026 - "POST /api/query HTTP/1.1" 200 OK
INFO:     127.0.0.1:65022 - "POST /api/query HTTP/1.1" 200 OK
INFO:     127.0.0.1:65015 - "POST /api/query HTTP/1.1" 200 OK
INFO:     127.0.0.1:65030 - "POST /api/query HTTP/1.1" 200 OK
INFO:     127.0.0.1:65076 - "GET /api/reports HTTP/1.1" 200 OK
INFO:     127.0.0.1:65077 - "GET /api/schema HTTP/1.1" 200 OK
INFO:     127.0.0.1:65076 - "GET /api/schema HTTP/1.1" 200 OK
INFO:     Shutting down
INFO:     Waiting for application shutdown.
INFO:     Application shutdown complete.
INFO:     Finished server process [13348]
INFO:     Stopping reloader process [73268]
